<?xml version="1.0" encoding="UTF-8"?>
<!-- Generated by org.testng.reporters.JUnitReportReporter -->
<testsuite hostname="DESKTOP-NATSP6H" failures="0" tests="1" name="TestCase1" time="3.411" errors="0" timestamp="2023-02-08T10:04:00 WIB" skipped="0">
  <testcase classname="TestCase1" name="firstTry" time="3.411"/>
  <system-out/>
</testsuite> <!-- TestCase1 -->
